<?xml version="1.0" encoding="UTF-8"?>
<!-- Generated by org.testng.reporters.JUnitReportReporter -->
<testsuite skipped="0" hostname="LDO-PKT-NBT032" name="testng.FlipkartusingtestNG" tests="1" failures="0" timestamp="25 Jul 2018 15:05:37 GMT" time="75.454" errors="0">
  <testcase name="FlipkartTest" time="75.454" classname="testng.FlipkartusingtestNG"/>
</testsuite> <!-- testng.FlipkartusingtestNG -->
