<?xml version="1.0" encoding="UTF-8"?>
<!-- Generated by org.testng.reporters.JUnitReportReporter -->
<testsuite skipped="0" hostname="LDO-PKT-NBT032" name="week6.day2.testcases.TC003_DuplicateLead" tests="1" failures="0" timestamp="03 Aug 2018 01:01:04 GMT" time="57.956" errors="0">
  <testcase name="CreateLead" time="57.956" classname="week6.day2.testcases.TC003_DuplicateLead"/>
</testsuite> <!-- week6.day2.testcases.TC003_DuplicateLead -->
