<?xml version="1.0" encoding="UTF-8"?>
<!-- Generated by org.testng.reporters.JUnitReportReporter -->
<testsuite skipped="0" hostname="LDO-PKT-NBT032" name="week6.day2.testcases.TC002_EditLead" tests="2" failures="0" timestamp="02 Aug 2018 10:34:32 GMT" time="221.632" errors="0">
  <testcase name="EditLead" time="110.644" classname="week6.day2.testcases.TC002_EditLead"/>
  <testcase name="EditLead" time="110.988" classname="week6.day2.testcases.TC002_EditLead"/>
</testsuite> <!-- week6.day2.testcases.TC002_EditLead -->
