<?xml version="1.0" encoding="UTF-8"?>
<!-- Generated by org.testng.reporters.JUnitReportReporter -->
<testsuite skipped="0" hostname="LDO-PKT-NBT032" name="week6.day1.ReadExcel" tests="1" failures="0" timestamp="28 Jul 2018 04:09:55 GMT" time="0.917" errors="0">
  <testcase name="readExcel" time="0.917" classname="week6.day1.ReadExcel"/>
</testsuite> <!-- week6.day1.ReadExcel -->
