<?xml version="1.0" encoding="UTF-8"?>
<!-- Generated by org.testng.reporters.JUnitReportReporter -->
<testsuite skipped="0" hostname="LDO-PKT-NBT032" name="week6.day2.testcases.TC001_CreateLead" tests="22" failures="0" timestamp="03 Aug 2018 16:33:37 GMT" time="416.792" errors="0">
  <testcase name="CreateLead" time="16.928" classname="week6.day2.testcases.TC001_CreateLead"/>
  <testcase name="CreateLead" time="17.116" classname="week6.day2.testcases.TC001_CreateLead"/>
  <testcase name="CreateLead" time="17.558" classname="week6.day2.testcases.TC001_CreateLead"/>
  <testcase name="CreateLead" time="17.271" classname="week6.day2.testcases.TC001_CreateLead"/>
  <testcase name="CreateLead" time="20.128" classname="week6.day2.testcases.TC001_CreateLead"/>
  <testcase name="CreateLead" time="25.480" classname="week6.day2.testcases.TC001_CreateLead"/>
  <testcase name="CreateLead" time="19.674" classname="week6.day2.testcases.TC001_CreateLead"/>
  <testcase name="CreateLead" time="25.218" classname="week6.day2.testcases.TC001_CreateLead"/>
  <testcase name="CreateLead" time="20.315" classname="week6.day2.testcases.TC001_CreateLead"/>
  <testcase name="CreateLead" time="19.249" classname="week6.day2.testcases.TC001_CreateLead"/>
  <testcase name="CreateLead" time="17.731" classname="week6.day2.testcases.TC001_CreateLead"/>
  <testcase name="CreateLead" time="16.680" classname="week6.day2.testcases.TC001_CreateLead"/>
  <testcase name="CreateLead" time="17.448" classname="week6.day2.testcases.TC001_CreateLead"/>
  <testcase name="CreateLead" time="19.104" classname="week6.day2.testcases.TC001_CreateLead"/>
  <testcase name="CreateLead" time="19.565" classname="week6.day2.testcases.TC001_CreateLead"/>
  <testcase name="CreateLead" time="18.094" classname="week6.day2.testcases.TC001_CreateLead"/>
  <testcase name="CreateLead" time="17.624" classname="week6.day2.testcases.TC001_CreateLead"/>
  <testcase name="CreateLead" time="17.050" classname="week6.day2.testcases.TC001_CreateLead"/>
  <testcase name="CreateLead" time="18.615" classname="week6.day2.testcases.TC001_CreateLead"/>
  <testcase name="CreateLead" time="18.461" classname="week6.day2.testcases.TC001_CreateLead"/>
  <testcase name="CreateLead" time="18.735" classname="week6.day2.testcases.TC001_CreateLead"/>
  <testcase name="CreateLead" time="18.748" classname="week6.day2.testcases.TC001_CreateLead"/>
</testsuite> <!-- week6.day2.testcases.TC001_CreateLead -->
